<?xml version="1.0" encoding="UTF-8"?>
<testng-results ignored="0" total="1" passed="1" failed="0" skipped="0">
  <reporter-output>
  </reporter-output>
  <suite started-at="2022-12-01T01:17:15 CST" name="Test.Test" finished-at="2022-12-01T01:17:26 CST" duration-ms="10741">
    <groups>
    </groups>
    <test started-at="2022-12-01T01:17:15 CST" name="Command line test" finished-at="2022-12-01T01:17:26 CST" duration-ms="10741">
      <class name="Test.Test">
        <test-method is-config="true" signature="setting()[pri:0, instance:Test.Test@531f4093]" started-at="2022-12-01T01:17:13 CST" name="setting" finished-at="2022-12-01T01:17:15 CST" duration-ms="2161" status="PASS">
          <reporter-output>
          </reporter-output>
        </test-method> <!-- setting -->
        <test-method signature="submitForm()[pri:0, instance:Test.Test@531f4093]" started-at="2022-12-01T01:17:15 CST" name="submitForm" finished-at="2022-12-01T01:17:25 CST" duration-ms="10520" status="PASS">
          <reporter-output>
          </reporter-output>
        </test-method> <!-- submitForm -->
        <test-method is-config="true" signature="getResult(org.testng.ITestResult)[pri:0, instance:Test.Test@531f4093]" started-at="2022-12-01T01:17:25 CST" name="getResult" finished-at="2022-12-01T01:17:25 CST" duration-ms="16" status="PASS">
          <params>
            <param index="0">
              <value>
                <![CDATA[[TestResult name=submitForm status=SUCCESS method=Test.submitForm()[pri:0, instance:Test.Test@531f4093] output={null}]]]>
              </value>
            </param>
          </params>
          <reporter-output>
          </reporter-output>
        </test-method> <!-- getResult -->
        <test-method is-config="true" signature="captura()[pri:0, instance:Test.Test@531f4093]" started-at="2022-12-01T01:17:25 CST" name="captura" finished-at="2022-12-01T01:17:26 CST" duration-ms="152" status="PASS">
          <reporter-output>
          </reporter-output>
        </test-method> <!-- captura -->
        <test-method is-config="true" signature="Clean()[pri:0, instance:Test.Test@531f4093]" started-at="2022-12-01T01:17:26 CST" name="Clean" finished-at="2022-12-01T01:17:27 CST" duration-ms="1848" status="PASS">
          <reporter-output>
          </reporter-output>
        </test-method> <!-- Clean -->
      </class> <!-- Test.Test -->
    </test> <!-- Command line test -->
  </suite> <!-- Test.Test -->
</testng-results>
